#
# A fatal error has been detected by the Java Runtime Environment:
#
#  EXCEPTION_ACCESS_VIOLATION (0xc0000005) at pc=0x000000007110b5db, pid=3020, tid=6444
#
# JRE version: OpenJDK Runtime Environment (11.0.1+13) (build 11.0.1+13)
# Java VM: OpenJDK 64-Bit Server VM (11.0.1+13, mixed mode, tiered, compressed oops, g1 gc, windows-amd64)
# Problematic frame:
# C  [jSSC-2.8_x86_64.dll+0xb5db]
#
# No core dump will be written. Minidumps are not enabled by default on client versions of Windows
#
# If you would like to submit a bug report, please visit:
#   http://bugreport.java.com/bugreport/crash.jsp
# The crash happened outside the Java Virtual Machine in native code.
# See problematic frame for where to report the bug.
#

---------------  S U M M A R Y ------------

Command Line: -agentlib:jdwp=transport=dt_socket,address=127.0.0.1:61703,suspend=y,server=n -XX:TieredStopAtLevel=1 -Xverify:none -Dspring.output.ansi.enabled=always -Dcom.sun.management.jmxremote -Dspring.jmx.enabled=true -Dspring.liveBeansView.mbeanDomain -Dspring.application.admin.enabled=true -javaagent:C:\Users\lolivo\AppData\Local\JetBrains\Toolbox\apps\IDEA-U\ch-0\192.7142.36\plugins\java\lib\rt\debugger-agent.jar -Dfile.encoding=UTF-8 ch.olivo.leonardo.csgoRestServer.CsgoRestServerApplication

Host: Intel(R) Core(TM) i7-7700HQ CPU @ 2.80GHz, 8 cores, 15G,  Windows 10 , 64 bit Build 17763 (10.0.17763.475)
Time: Thu Nov 28 09:13:36 2019 W. Europe Standard Time elapsed time: 88 seconds (0d 0h 1m 28s)

---------------  T H R E A D  ---------------

Current thread (0x00000213fa0d2000):  JavaThread "http-nio-8080-exec-2" daemon [_thread_in_native, id=6444, stack(0x0000007d96f00000,0x0000007d97000000)]

Stack: [0x0000007d96f00000,0x0000007d97000000],  sp=0x0000007d96ffca80,  free space=1010k
Native frames: (J=compiled Java code, j=interpreted, Vv=VM code, C=native code)
C  [jSSC-2.8_x86_64.dll+0xb5db]

Java frames: (J=compiled Java code, j=interpreted, Vv=VM code)
j  jssc.SerialNativeInterface.openPort(Ljava/lang/String;Z)J+0
j  jssc.SerialPort.openPort()Z+65
j  ch.olivo.leonardo.csgoRestServer.service.PortService.openPort(Ljssc/SerialPort;)Ljssc/SerialPort;+8
j  ch.olivo.leonardo.csgoRestServer.handler.EventHandler.handleEvent(Lch/olivo/leonardo/csgoRestServer/controller/msg/CsgoEventRequest;)V+49
j  ch.olivo.leonardo.csgoRestServer.controller.CsgoController.handleEvent(Lch/olivo/leonardo/csgoRestServer/controller/msg/CsgoEventRequest;)Lorg/springframework/http/ResponseEntity;+5
v  ~StubRoutines::call_stub
J 2452  jdk.internal.reflect.NativeMethodAccessorImpl.invoke0(Ljava/lang/reflect/Method;Ljava/lang/Object;[Ljava/lang/Object;)Ljava/lang/Object; java.base@11.0.1 (0 bytes) @ 0x00000213dc2c2b4f [0x00000213dc2c2ac0+0x000000000000008f]
J 2451 c1 jdk.internal.reflect.NativeMethodAccessorImpl.invoke(Ljava/lang/Object;[Ljava/lang/Object;)Ljava/lang/Object; java.base@11.0.1 (104 bytes) @ 0x00000213dc2c3eec [0x00000213dc2c3ac0+0x000000000000042c]
J 2404 c1 jdk.internal.reflect.DelegatingMethodAccessorImpl.invoke(Ljava/lang/Object;[Ljava/lang/Object;)Ljava/lang/Object; java.base@11.0.1 (10 bytes) @ 0x00000213dc2ae624 [0x00000213dc2ae5c0+0x0000000000000064]
J 2433 c1 java.lang.reflect.Method.invoke(Ljava/lang/Object;[Ljava/lang/Object;)Ljava/lang/Object; java.base@11.0.1 (65 bytes) @ 0x00000213dc2b9c0c [0x00000213dc2b9ae0+0x000000000000012c]
j  org.springframework.web.method.support.InvocableHandlerMethod.doInvoke([Ljava/lang/Object;)Ljava/lang/Object;+16
j  org.springframework.web.method.support.InvocableHandlerMethod.invokeForRequest(Lorg/springframework/web/context/request/NativeWebRequest;Lorg/springframework/web/method/support/ModelAndViewContainer;[Ljava/lang/Object;)Ljava/lang/Object;+56
j  org.springframework.web.servlet.mvc.method.annotation.ServletInvocableHandlerMethod.invokeAndHandle(Lorg/springframework/web/context/request/ServletWebRequest;Lorg/springframework/web/method/support/ModelAndViewContainer;[Ljava/lang/Object;)V+4
j  org.springframework.web.servlet.mvc.method.annotation.RequestMappingHandlerAdapter.invokeHandlerMethod(Ljavax/servlet/http/HttpServletRequest;Ljavax/servlet/http/HttpServletResponse;Lorg/springframework/web/method/HandlerMethod;)Lorg/springframework/web/servlet/ModelAndView;+244
j  org.springframework.web.servlet.mvc.method.annotation.RequestMappingHandlerAdapter.handleInternal(Ljavax/servlet/http/HttpServletRequest;Ljavax/servlet/http/HttpServletResponse;Lorg/springframework/web/method/HandlerMethod;)Lorg/springframework/web/servlet/ModelAndView;+81
j  org.springframework.web.servlet.mvc.method.AbstractHandlerMethodAdapter.handle(Ljavax/servlet/http/HttpServletRequest;Ljavax/servlet/http/HttpServletResponse;Ljava/lang/Object;)Lorg/springframework/web/servlet/ModelAndView;+7
j  org.springframework.web.servlet.DispatcherServlet.doDispatch(Ljavax/servlet/http/HttpServletRequest;Ljavax/servlet/http/HttpServletResponse;)V+257
j  org.springframework.web.servlet.DispatcherServlet.doService(Ljavax/servlet/http/HttpServletRequest;Ljavax/servlet/http/HttpServletResponse;)V+212
j  org.springframework.web.servlet.FrameworkServlet.processRequest(Ljavax/servlet/http/HttpServletRequest;Ljavax/servlet/http/HttpServletResponse;)V+71
j  org.springframework.web.servlet.FrameworkServlet.doPost(Ljavax/servlet/http/HttpServletRequest;Ljavax/servlet/http/HttpServletResponse;)V+3
j  javax.servlet.http.HttpServlet.service(Ljavax/servlet/http/HttpServletRequest;Ljavax/servlet/http/HttpServletResponse;)V+149
j  org.springframework.web.servlet.FrameworkServlet.service(Ljavax/servlet/http/HttpServletRequest;Ljavax/servlet/http/HttpServletResponse;)V+33
j  javax.servlet.http.HttpServlet.service(Ljavax/servlet/ServletRequest;Ljavax/servlet/ServletResponse;)V+36
j  org.apache.catalina.core.ApplicationFilterChain.internalDoFilter(Ljavax/servlet/ServletRequest;Ljavax/servlet/ServletResponse;)V+304
j  org.apache.catalina.core.ApplicationFilterChain.doFilter(Ljavax/servlet/ServletRequest;Ljavax/servlet/ServletResponse;)V+101
j  org.apache.tomcat.websocket.server.WsFilter.doFilter(Ljavax/servlet/ServletRequest;Ljavax/servlet/ServletResponse;Ljavax/servlet/FilterChain;)V+21
j  org.apache.catalina.core.ApplicationFilterChain.internalDoFilter(Ljavax/servlet/ServletRequest;Ljavax/servlet/ServletResponse;)V+135
j  org.apache.catalina.core.ApplicationFilterChain.doFilter(Ljavax/servlet/ServletRequest;Ljavax/servlet/ServletResponse;)V+101
j  org.springframework.web.filter.RequestContextFilter.doFilterInternal(Ljavax/servlet/http/HttpServletRequest;Ljavax/servlet/http/HttpServletResponse;Ljavax/servlet/FilterChain;)V+21
j  org.springframework.web.filter.OncePerRequestFilter.doFilter(Ljavax/servlet/ServletRequest;Ljavax/servlet/ServletResponse;Ljavax/servlet/FilterChain;)V+147
j  org.apache.catalina.core.ApplicationFilterChain.internalDoFilter(Ljavax/servlet/ServletRequest;Ljavax/servlet/ServletResponse;)V+135
j  org.apache.catalina.core.ApplicationFilterChain.doFilter(Ljavax/servlet/ServletRequest;Ljavax/servlet/ServletResponse;)V+101
j  org.springframework.web.filter.FormContentFilter.doFilterInternal(Ljavax/servlet/http/HttpServletRequest;Ljavax/servlet/http/HttpServletResponse;Ljavax/servlet/FilterChain;)V+38
j  org.springframework.web.filter.OncePerRequestFilter.doFilter(Ljavax/servlet/ServletRequest;Ljavax/servlet/ServletResponse;Ljavax/servlet/FilterChain;)V+147
j  org.apache.catalina.core.ApplicationFilterChain.internalDoFilter(Ljavax/servlet/ServletRequest;Ljavax/servlet/ServletResponse;)V+135
j  org.apache.catalina.core.ApplicationFilterChain.doFilter(Ljavax/servlet/ServletRequest;Ljavax/servlet/ServletResponse;)V+101
j  org.springframework.web.filter.CharacterEncodingFilter.doFilterInternal(Ljavax/servlet/http/HttpServletRequest;Ljavax/servlet/http/HttpServletResponse;Ljavax/servlet/FilterChain;)V+53
j  org.springframework.web.filter.OncePerRequestFilter.doFilter(Ljavax/servlet/ServletRequest;Ljavax/servlet/ServletResponse;Ljavax/servlet/FilterChain;)V+147
j  org.apache.catalina.core.ApplicationFilterChain.internalDoFilter(Ljavax/servlet/ServletRequest;Ljavax/servlet/ServletResponse;)V+135
j  org.apache.catalina.core.ApplicationFilterChain.doFilter(Ljavax/servlet/ServletRequest;Ljavax/servlet/ServletResponse;)V+101
j  org.apache.catalina.core.StandardWrapperValve.invoke(Lorg/apache/catalina/connector/Request;Lorg/apache/catalina/connector/Response;)V+694
j  org.apache.catalina.core.StandardContextValve.invoke(Lorg/apache/catalina/connector/Request;Lorg/apache/catalina/connector/Response;)V+166
j  org.apache.catalina.authenticator.AuthenticatorBase.invoke(Lorg/apache/catalina/connector/Request;Lorg/apache/catalina/connector/Response;)V+260
j  org.apache.catalina.core.StandardHostValve.invoke(Lorg/apache/catalina/connector/Request;Lorg/apache/catalina/connector/Response;)V+114
j  org.apache.catalina.valves.ErrorReportValve.invoke(Lorg/apache/catalina/connector/Request;Lorg/apache/catalina/connector/Response;)V+6
j  org.apache.catalina.core.StandardEngineValve.invoke(Lorg/apache/catalina/connector/Request;Lorg/apache/catalina/connector/Response;)V+45
j  org.apache.catalina.connector.CoyoteAdapter.service(Lorg/apache/coyote/Request;Lorg/apache/coyote/Response;)V+199
j  org.apache.coyote.http11.Http11Processor.service(Lorg/apache/tomcat/util/net/SocketWrapperBase;)Lorg/apache/tomcat/util/net/AbstractEndpoint$Handler$SocketState;+784
j  org.apache.coyote.AbstractProcessorLight.process(Lorg/apache/tomcat/util/net/SocketWrapperBase;Lorg/apache/tomcat/util/net/SocketEvent;)Lorg/apache/tomcat/util/net/AbstractEndpoint$Handler$SocketState;+113
j  org.apache.coyote.AbstractProtocol$ConnectionHandler.process(Lorg/apache/tomcat/util/net/SocketWrapperBase;Lorg/apache/tomcat/util/net/SocketEvent;)Lorg/apache/tomcat/util/net/AbstractEndpoint$Handler$SocketState;+442
j  org.apache.tomcat.util.net.NioEndpoint$SocketProcessor.doRun()V+221
j  org.apache.tomcat.util.net.SocketProcessorBase.run()V+21
j  java.util.concurrent.ThreadPoolExecutor.runWorker(Ljava/util/concurrent/ThreadPoolExecutor$Worker;)V+92 java.base@11.0.1
j  java.util.concurrent.ThreadPoolExecutor$Worker.run()V+5 java.base@11.0.1
j  org.apache.tomcat.util.threads.TaskThread$WrappingRunnable.run()V+4
j  java.lang.Thread.run()V+11 java.base@11.0.1
v  ~StubRoutines::call_stub

siginfo: EXCEPTION_ACCESS_VIOLATION (0xc0000005), reading address 0xffffffffd3561af3


Register to memory mapping:

RIP=0x000000007110b5db jSSC-2.8_x86_64.dll
RAX=0xffffffffd3561af3 is an unknown value
RBX=0x0000007d96ffcaf0 is pointing into the stack for thread: 0x00000213fa0d2000
RCX=0x00007ffd41b8f944 ntdll.dll
RDX=0x0 is NULL
RSP=0x0000007d96ffca80 is pointing into the stack for thread: 0x00000213fa0d2000
RBP=0x0000007d96ffcc00 is pointing into the stack for thread: 0x00000213fa0d2000
RSI=0x00000213fa0d2340 points into unknown readable memory
RDI=0x0000000000000aac is an unknown value
R8 =0x0000007d96ffc978 is pointing into the stack for thread: 0x00000213fa0d2000
R9 =0x0000007d96ffca70 is pointing into the stack for thread: 0x00000213fa0d2000
R10=0x0 is NULL
R11=0x0000000000000246 is an unknown value
R12=0x0000007d96ffccc0 is pointing into the stack for thread: 0x00000213fa0d2000
R13=0x00000213fa105df0 points into unknown readable memory
R14=0x0000007d96ffcbb0 is pointing into the stack for thread: 0x00000213fa0d2000
R15=0x00000213fa0d2000 is a thread


Registers:
RAX=0xffffffffd3561af3, RBX=0x0000007d96ffcaf0, RCX=0x00007ffd41b8f944, RDX=0x0000000000000000
RSP=0x0000007d96ffca80, RBP=0x0000007d96ffcc00, RSI=0x00000213fa0d2340, RDI=0x0000000000000aac
R8 =0x0000007d96ffc978, R9 =0x0000007d96ffca70, R10=0x0000000000000000, R11=0x0000000000000246
R12=0x0000007d96ffccc0, R13=0x00000213fa105df0, R14=0x0000007d96ffcbb0, R15=0x00000213fa0d2000
RIP=0x000000007110b5db, EFLAGS=0x0000000000010206

Top of Stack: (sp=0x0000007d96ffca80)
0x0000007d96ffca80:   0000007d96ffcaa8 0000007d00000000
0x0000007d96ffca90:   000000007110b230 00007ffd41b0267d
0x0000007d96ffcaa0:   0000007d96ffccc0 0000000000000004
0x0000007d96ffcab0:   00000213fa0d2340 0000000000000aac
0x0000007d96ffcac0:   0000007d96ffcc00 0000000071112590
0x0000007d96ffcad0:   0000007d96ffcb30 0000007d00000000
0x0000007d96ffcae0:   00000000c0000000 0000000000000000
0x0000007d96ffcaf0:   0000000000000aac 00007ffd3dbce22c
0x0000007d96ffcb00:   0000007d96ffcbb0 00000213fa105df0
0x0000007d96ffcb10:   0000007d96ffccc0 0000000000000aac
0x0000007d96ffcb20:   0000000071113500 0000000071113be8
0x0000007d96ffcb30:   0000007d96ffcb60 0000000071112641
0x0000007d96ffcb40:   0000007d96ffcad0 0000000000000000
0x0000007d96ffcb50:   0000000000000000 0000000000000000
0x0000007d96ffcb60:   0000007d96ffcc00 0000000071101595
0x0000007d96ffcb70:   000000000000001c 0000021300000000 

Instructions: (pc=0x000000007110b5db)
0x000000007110b5bb:   c5 0f 1f 40 00 55 57 56 53 48 83 ec 28 48 8b 05
0x000000007110b5cb:   39 33 01 00 48 89 cb 48 85 c0 0f 84 c5 00 00 00
0x000000007110b5db:   8b 38 85 ff 0f 88 ab 00 00 00 48 8b 05 1c 33 01
0x000000007110b5eb:   00 48 85 c0 0f 84 bc 00 00 00 8b 30 85 f6 74 57 



---------------  P R O C E S S  ---------------

Threads class SMR info:
_java_thread_list=0x00000213f9c173e0, length=32, elements={
0x00000213f7cc5800, 0x00000213f7cd0000, 0x00000213f741c000, 0x00000213f741d000,
0x00000213f7d23800, 0x00000213f7d2b800, 0x00000213f7ca0800, 0x00000213f7ea6800,
0x00000213f7ec1000, 0x00000213f7eca000, 0x00000213f820c800, 0x00000213f8444800,
0x00000213f9907000, 0x00000213f990e000, 0x00000213f9ed1800, 0x00000213f9ed2000,
0x00000213f9fe7800, 0x00000213fa011800, 0x00000213fa0d1800, 0x00000213fa0d2000,
0x00000213fa0d7000, 0x00000213fa073800, 0x00000213fa0db000, 0x00000213fa0dc800,
0x00000213fa0dd800, 0x00000213fa0dc000, 0x00000213fa0d9800, 0x00000213fa0d7800,
0x00000213fa0da000, 0x00000213fa0d8800, 0x00000213fa0de000, 0x00000213f8276000
}

Java Threads: ( => current thread )
  0x00000213f7cc5800 JavaThread "Reference Handler" daemon [_thread_blocked, id=6216, stack(0x0000007d95100000,0x0000007d95200000)]
  0x00000213f7cd0000 JavaThread "Finalizer" daemon [_thread_blocked, id=10516, stack(0x0000007d95200000,0x0000007d95300000)]
  0x00000213f741c000 JavaThread "Signal Dispatcher" daemon [_thread_blocked, id=6772, stack(0x0000007d95300000,0x0000007d95400000)]
  0x00000213f741d000 JavaThread "Attach Listener" daemon [_thread_blocked, id=9040, stack(0x0000007d95400000,0x0000007d95500000)]
  0x00000213f7d23800 JavaThread "C1 CompilerThread0" daemon [_thread_blocked, id=11332, stack(0x0000007d95500000,0x0000007d95600000)]
  0x00000213f7d2b800 JavaThread "Sweeper thread" daemon [_thread_blocked, id=11204, stack(0x0000007d95600000,0x0000007d95700000)]
  0x00000213f7ca0800 JavaThread "Common-Cleaner" daemon [_thread_blocked, id=8844, stack(0x0000007d95700000,0x0000007d95800000)]
  0x00000213f7ea6800 JavaThread "JDWP Transport Listener: dt_socket" daemon [_thread_blocked, id=6332, stack(0x0000007d95900000,0x0000007d95a00000)]
  0x00000213f7ec1000 JavaThread "JDWP Event Helper Thread" daemon [_thread_blocked, id=3928, stack(0x0000007d95a00000,0x0000007d95b00000)]
  0x00000213f7eca000 JavaThread "JDWP Command Reader" daemon [_thread_in_native, id=8712, stack(0x0000007d95b00000,0x0000007d95c00000)]
  0x00000213f820c800 JavaThread "Service Thread" daemon [_thread_blocked, id=10432, stack(0x0000007d95800000,0x0000007d95900000)]
  0x00000213f8444800 JavaThread "RMI TCP Accept-0" daemon [_thread_in_native, id=720, stack(0x0000007d95d00000,0x0000007d95e00000)]
  0x00000213f9907000 JavaThread "RMI TCP Connection(idle)" daemon [_thread_blocked, id=7604, stack(0x0000007d96700000,0x0000007d96800000)]
  0x00000213f990e000 JavaThread "RMI Scheduler(0)" daemon [_thread_blocked, id=13544, stack(0x0000007d96900000,0x0000007d96a00000)]
  0x00000213f9ed1800 JavaThread "Catalina-utility-1" [_thread_blocked, id=13504, stack(0x0000007d96a00000,0x0000007d96b00000)]
  0x00000213f9ed2000 JavaThread "Catalina-utility-2" [_thread_blocked, id=948, stack(0x0000007d96b00000,0x0000007d96c00000)]
  0x00000213f9fe7800 JavaThread "container-0" [_thread_blocked, id=9968, stack(0x0000007d96c00000,0x0000007d96d00000)]
  0x00000213fa011800 JavaThread "http-nio-8080-BlockPoller" daemon [_thread_in_native, id=4148, stack(0x0000007d96d00000,0x0000007d96e00000)]
  0x00000213fa0d1800 JavaThread "http-nio-8080-exec-1" daemon [_thread_blocked, id=8564, stack(0x0000007d96e00000,0x0000007d96f00000)]
=>0x00000213fa0d2000 JavaThread "http-nio-8080-exec-2" daemon [_thread_in_native, id=6444, stack(0x0000007d96f00000,0x0000007d97000000)]
  0x00000213fa0d7000 JavaThread "http-nio-8080-exec-3" daemon [_thread_blocked, id=10096, stack(0x0000007d97000000,0x0000007d97100000)]
  0x00000213fa073800 JavaThread "http-nio-8080-exec-4" daemon [_thread_blocked, id=11800, stack(0x0000007d97100000,0x0000007d97200000)]
  0x00000213fa0db000 JavaThread "http-nio-8080-exec-5" daemon [_thread_blocked, id=8968, stack(0x0000007d97200000,0x0000007d97300000)]
  0x00000213fa0dc800 JavaThread "http-nio-8080-exec-6" daemon [_thread_blocked, id=8804, stack(0x0000007d97300000,0x0000007d97400000)]
  0x00000213fa0dd800 JavaThread "http-nio-8080-exec-7" daemon [_thread_blocked, id=10980, stack(0x0000007d97400000,0x0000007d97500000)]
  0x00000213fa0dc000 JavaThread "http-nio-8080-exec-8" daemon [_thread_blocked, id=13084, stack(0x0000007d97500000,0x0000007d97600000)]
  0x00000213fa0d9800 JavaThread "http-nio-8080-exec-9" daemon [_thread_blocked, id=14272, stack(0x0000007d97600000,0x0000007d97700000)]
  0x00000213fa0d7800 JavaThread "http-nio-8080-exec-10" daemon [_thread_blocked, id=10604, stack(0x0000007d97700000,0x0000007d97800000)]
  0x00000213fa0da000 JavaThread "http-nio-8080-ClientPoller" daemon [_thread_in_native, id=2040, stack(0x0000007d97800000,0x0000007d97900000)]
  0x00000213fa0d8800 JavaThread "http-nio-8080-Acceptor" daemon [_thread_in_native, id=13076, stack(0x0000007d97900000,0x0000007d97a00000)]
  0x00000213fa0de000 JavaThread "DestroyJavaVM" [_thread_blocked, id=1884, stack(0x0000007d94a00000,0x0000007d94b00000)]
  0x00000213f8276000 JavaThread "C1 CompilerThread1" daemon [_thread_blocked, id=11040, stack(0x0000007d94700000,0x0000007d94800000)]

Other Threads:
  0x00000213f740f000 VMThread "VM Thread" [stack: 0x0000007d95000000,0x0000007d95100000] [id=7312]
  0x00000213f8452800 WatcherThread [stack: 0x0000007d95e00000,0x0000007d95f00000] [id=5520]
  0x00000213d343d000 GCTaskThread "GC Thread#0" [stack: 0x0000007d94b00000,0x0000007d94c00000] [id=12308]
  0x00000213f88c7000 GCTaskThread "GC Thread#1" [stack: 0x0000007d96100000,0x0000007d96200000] [id=2772]
  0x00000213f88ca000 GCTaskThread "GC Thread#2" [stack: 0x0000007d96200000,0x0000007d96300000] [id=140]
  0x00000213f88cb000 GCTaskThread "GC Thread#3" [stack: 0x0000007d96300000,0x0000007d96400000] [id=7812]
  0x00000213f88cb800 GCTaskThread "GC Thread#4" [stack: 0x0000007d96400000,0x0000007d96500000] [id=12332]
  0x00000213f88cc000 GCTaskThread "GC Thread#5" [stack: 0x0000007d96500000,0x0000007d96600000] [id=14040]
  0x00000213d349b000 ConcurrentGCThread "G1 Main Marker" [stack: 0x0000007d94c00000,0x0000007d94d00000] [id=4380]
  0x00000213d349c800 ConcurrentGCThread "G1 Conc#0" [stack: 0x0000007d94d00000,0x0000007d94e00000] [id=8568]
  0x00000213f96e8000 ConcurrentGCThread "G1 Conc#1" [stack: 0x0000007d96800000,0x0000007d96900000] [id=13844]
  0x00000213f72f8000 ConcurrentGCThread "G1 Refine#0" [stack: 0x0000007d94e00000,0x0000007d94f00000] [id=4076]
  0x00000213f801e000 ConcurrentGCThread "G1 Refine#1" [stack: 0x0000007d96600000,0x0000007d96700000] [id=3868]
  0x00000213f72f9000 ConcurrentGCThread "G1 Young RemSet Sampling" [stack: 0x0000007d94f00000,0x0000007d95000000] [id=9416]

Threads with active compile tasks:

VM state:not at safepoint (normal execution)

VM Mutex/Monitor currently owned by a thread: None

Heap address: 0x0000000702800000, size: 4056 MB, Compressed Oops mode: Zero based, Oop shift amount: 3
Narrow klass base: 0x0000000800000000, Narrow klass shift: 0
Compressed class space size: 1073741824 Address: 0x0000000800000000

Heap:
 garbage-first heap   total 260096K, used 47694K [0x0000000702800000, 0x0000000800000000)
  region size 1024K, 43 young (44032K), 7 survivors (7168K)
 Metaspace       used 39718K, capacity 40928K, committed 41260K, reserved 1085440K
  class space    used 4906K, capacity 5408K, committed 5504K, reserved 1048576K
Heap Regions: E=young(eden), S=young(survivor), O=old, HS=humongous(starts), HC=humongous(continues), CS=collection set, F=free, A=archive, TAMS=top-at-mark-start (previous, next)
|   0|0x0000000702800000, 0x0000000702900000, 0x0000000702900000|100%| O|  |TAMS 0x0000000702900000, 0x0000000702800000| Untracked 
|   1|0x0000000702900000, 0x0000000702a00000, 0x0000000702a00000|100%| O|  |TAMS 0x0000000702a00000, 0x0000000702900000| Untracked 
|   2|0x0000000702a00000, 0x0000000702b00000, 0x0000000702b00000|100%| O|  |TAMS 0x0000000702b00000, 0x0000000702a00000| Untracked 
|   3|0x0000000702b00000, 0x0000000702c00000, 0x0000000702c00000|100%| O|  |TAMS 0x0000000702c00000, 0x0000000702b00000| Untracked 
|   4|0x0000000702c00000, 0x0000000702d00000, 0x0000000702d00000|100%| O|  |TAMS 0x0000000702d00000, 0x0000000702c00000| Untracked 
|   5|0x0000000702d00000, 0x0000000702d0cc00, 0x0000000702e00000|  4%| O|  |TAMS 0x0000000702d0cc00, 0x0000000702d00000| Untracked 
|   6|0x0000000702e00000, 0x0000000702e00000, 0x0000000702f00000|  0%| F|  |TAMS 0x0000000702e00000, 0x0000000702e00000| Untracked 
|   7|0x0000000702f00000, 0x0000000702f00000, 0x0000000703000000|  0%| F|  |TAMS 0x0000000702f00000, 0x0000000702f00000| Untracked 
|   8|0x0000000703000000, 0x0000000703000000, 0x0000000703100000|  0%| F|  |TAMS 0x0000000703000000, 0x0000000703000000| Untracked 
|   9|0x0000000703100000, 0x0000000703100000, 0x0000000703200000|  0%| F|  |TAMS 0x0000000703100000, 0x0000000703100000| Untracked 
|  10|0x0000000703200000, 0x0000000703200000, 0x0000000703300000|  0%| F|  |TAMS 0x0000000703200000, 0x0000000703200000| Untracked 
|  11|0x0000000703300000, 0x0000000703300000, 0x0000000703400000|  0%| F|  |TAMS 0x0000000703300000, 0x0000000703300000| Untracked 
|  12|0x0000000703400000, 0x0000000703400000, 0x0000000703500000|  0%| F|  |TAMS 0x0000000703400000, 0x0000000703400000| Untracked 
|  13|0x0000000703500000, 0x0000000703500000, 0x0000000703600000|  0%| F|  |TAMS 0x0000000703500000, 0x0000000703500000| Untracked 
|  14|0x0000000703600000, 0x0000000703600000, 0x0000000703700000|  0%| F|  |TAMS 0x0000000703600000, 0x0000000703600000| Untracked 
|  15|0x0000000703700000, 0x0000000703700000, 0x0000000703800000|  0%| F|  |TAMS 0x0000000703700000, 0x0000000703700000| Untracked 
|  16|0x0000000703800000, 0x0000000703800000, 0x0000000703900000|  0%| F|  |TAMS 0x0000000703800000, 0x0000000703800000| Untracked 
|  17|0x0000000703900000, 0x0000000703900000, 0x0000000703a00000|  0%| F|  |TAMS 0x0000000703900000, 0x0000000703900000| Untracked 
|  18|0x0000000703a00000, 0x0000000703a00000, 0x0000000703b00000|  0%| F|  |TAMS 0x0000000703a00000, 0x0000000703a00000| Untracked 
|  19|0x0000000703b00000, 0x0000000703b00000, 0x0000000703c00000|  0%| F|  |TAMS 0x0000000703b00000, 0x0000000703b00000| Untracked 
|  20|0x0000000703c00000, 0x0000000703c00000, 0x0000000703d00000|  0%| F|  |TAMS 0x0000000703c00000, 0x0000000703c00000| Untracked 
|  21|0x0000000703d00000, 0x0000000703d00000, 0x0000000703e00000|  0%| F|  |TAMS 0x0000000703d00000, 0x0000000703d00000| Untracked 
|  22|0x0000000703e00000, 0x0000000703e00000, 0x0000000703f00000|  0%| F|  |TAMS 0x0000000703e00000, 0x0000000703e00000| Untracked 
|  23|0x0000000703f00000, 0x0000000703f00000, 0x0000000704000000|  0%| F|  |TAMS 0x0000000703f00000, 0x0000000703f00000| Untracked 
|  24|0x0000000704000000, 0x0000000704000000, 0x0000000704100000|  0%| F|  |TAMS 0x0000000704000000, 0x0000000704000000| Untracked 
|  25|0x0000000704100000, 0x0000000704100000, 0x0000000704200000|  0%| F|  |TAMS 0x0000000704100000, 0x0000000704100000| Untracked 
|  26|0x0000000704200000, 0x0000000704200000, 0x0000000704300000|  0%| F|  |TAMS 0x0000000704200000, 0x0000000704200000| Untracked 
|  27|0x0000000704300000, 0x0000000704300000, 0x0000000704400000|  0%| F|  |TAMS 0x0000000704300000, 0x0000000704300000| Untracked 
|  28|0x0000000704400000, 0x0000000704400000, 0x0000000704500000|  0%| F|  |TAMS 0x0000000704400000, 0x0000000704400000| Untracked 
|  29|0x0000000704500000, 0x0000000704500000, 0x0000000704600000|  0%| F|  |TAMS 0x0000000704500000, 0x0000000704500000| Untracked 
|  30|0x0000000704600000, 0x0000000704600000, 0x0000000704700000|  0%| F|  |TAMS 0x0000000704600000, 0x0000000704600000| Untracked 
|  31|0x0000000704700000, 0x0000000704700000, 0x0000000704800000|  0%| F|  |TAMS 0x0000000704700000, 0x0000000704700000| Untracked 
|  32|0x0000000704800000, 0x0000000704800000, 0x0000000704900000|  0%| F|  |TAMS 0x0000000704800000, 0x0000000704800000| Untracked 
|  33|0x0000000704900000, 0x0000000704900000, 0x0000000704a00000|  0%| F|  |TAMS 0x0000000704900000, 0x0000000704900000| Untracked 
|  34|0x0000000704a00000, 0x0000000704a00000, 0x0000000704b00000|  0%| F|  |TAMS 0x0000000704a00000, 0x0000000704a00000| Untracked 
|  35|0x0000000704b00000, 0x0000000704b00000, 0x0000000704c00000|  0%| F|  |TAMS 0x0000000704b00000, 0x0000000704b00000| Untracked 
|  36|0x0000000704c00000, 0x0000000704c00000, 0x0000000704d00000|  0%| F|  |TAMS 0x0000000704c00000, 0x0000000704c00000| Untracked 
|  37|0x0000000704d00000, 0x0000000704d00000, 0x0000000704e00000|  0%| F|  |TAMS 0x0000000704d00000, 0x0000000704d00000| Untracked 
|  38|0x0000000704e00000, 0x0000000704e00000, 0x0000000704f00000|  0%| F|  |TAMS 0x0000000704e00000, 0x0000000704e00000| Untracked 
|  39|0x0000000704f00000, 0x0000000704f00000, 0x0000000705000000|  0%| F|  |TAMS 0x0000000704f00000, 0x0000000704f00000| Untracked 
|  40|0x0000000705000000, 0x0000000705000000, 0x0000000705100000|  0%| F|  |TAMS 0x0000000705000000, 0x0000000705000000| Untracked 
|  41|0x0000000705100000, 0x0000000705100000, 0x0000000705200000|  0%| F|  |TAMS 0x0000000705100000, 0x0000000705100000| Untracked 
|  42|0x0000000705200000, 0x0000000705200000, 0x0000000705300000|  0%| F|  |TAMS 0x0000000705200000, 0x0000000705200000| Untracked 
|  43|0x0000000705300000, 0x0000000705300000, 0x0000000705400000|  0%| F|  |TAMS 0x0000000705300000, 0x0000000705300000| Untracked 
|  44|0x0000000705400000, 0x0000000705400000, 0x0000000705500000|  0%| F|  |TAMS 0x0000000705400000, 0x0000000705400000| Untracked 
|  45|0x0000000705500000, 0x0000000705500000, 0x0000000705600000|  0%| F|  |TAMS 0x0000000705500000, 0x0000000705500000| Untracked 
|  46|0x0000000705600000, 0x0000000705600000, 0x0000000705700000|  0%| F|  |TAMS 0x0000000705600000, 0x0000000705600000| Untracked 
|  47|0x0000000705700000, 0x0000000705700000, 0x0000000705800000|  0%| F|  |TAMS 0x0000000705700000, 0x0000000705700000| Untracked 
|  48|0x0000000705800000, 0x0000000705800000, 0x0000000705900000|  0%| F|  |TAMS 0x0000000705800000, 0x0000000705800000| Untracked 
|  49|0x0000000705900000, 0x0000000705900000, 0x0000000705a00000|  0%| F|  |TAMS 0x0000000705900000, 0x0000000705900000| Untracked 
|  50|0x0000000705a00000, 0x0000000705a00000, 0x0000000705b00000|  0%| F|  |TAMS 0x0000000705a00000, 0x0000000705a00000| Untracked 
|  51|0x0000000705b00000, 0x0000000705b00000, 0x0000000705c00000|  0%| F|  |TAMS 0x0000000705b00000, 0x0000000705b00000| Untracked 
|  52|0x0000000705c00000, 0x0000000705c00000, 0x0000000705d00000|  0%| F|  |TAMS 0x0000000705c00000, 0x0000000705c00000| Untracked 
|  53|0x0000000705d00000, 0x0000000705d00000, 0x0000000705e00000|  0%| F|  |TAMS 0x0000000705d00000, 0x0000000705d00000| Untracked 
|  54|0x0000000705e00000, 0x0000000705e00000, 0x0000000705f00000|  0%| F|  |TAMS 0x0000000705e00000, 0x0000000705e00000| Untracked 
|  55|0x0000000705f00000, 0x0000000705f00000, 0x0000000706000000|  0%| F|  |TAMS 0x0000000705f00000, 0x0000000705f00000| Untracked 
|  56|0x0000000706000000, 0x0000000706000000, 0x0000000706100000|  0%| F|  |TAMS 0x0000000706000000, 0x0000000706000000| Untracked 
|  57|0x0000000706100000, 0x0000000706100000, 0x0000000706200000|  0%| F|  |TAMS 0x0000000706100000, 0x0000000706100000| Untracked 
|  58|0x0000000706200000, 0x0000000706200000, 0x0000000706300000|  0%| F|  |TAMS 0x0000000706200000, 0x0000000706200000| Untracked 
|  59|0x0000000706300000, 0x0000000706300000, 0x0000000706400000|  0%| F|  |TAMS 0x0000000706300000, 0x0000000706300000| Untracked 
|  60|0x0000000706400000, 0x0000000706400000, 0x0000000706500000|  0%| F|  |TAMS 0x0000000706400000, 0x0000000706400000| Untracked 
|  61|0x0000000706500000, 0x0000000706500000, 0x0000000706600000|  0%| F|  |TAMS 0x0000000706500000, 0x0000000706500000| Untracked 
|  62|0x0000000706600000, 0x0000000706600000, 0x0000000706700000|  0%| F|  |TAMS 0x0000000706600000, 0x0000000706600000| Untracked 
|  63|0x0000000706700000, 0x0000000706700000, 0x0000000706800000|  0%| F|  |TAMS 0x0000000706700000, 0x0000000706700000| Untracked 
|  64|0x0000000706800000, 0x0000000706800000, 0x0000000706900000|  0%| F|  |TAMS 0x0000000706800000, 0x0000000706800000| Untracked 
|  65|0x0000000706900000, 0x0000000706900000, 0x0000000706a00000|  0%| F|  |TAMS 0x0000000706900000, 0x0000000706900000| Untracked 
|  66|0x0000000706a00000, 0x0000000706a00000, 0x0000000706b00000|  0%| F|  |TAMS 0x0000000706a00000, 0x0000000706a00000| Untracked 
|  67|0x0000000706b00000, 0x0000000706b00000, 0x0000000706c00000|  0%| F|  |TAMS 0x0000000706b00000, 0x0000000706b00000| Untracked 
|  68|0x0000000706c00000, 0x0000000706c00000, 0x0000000706d00000|  0%| F|  |TAMS 0x0000000706c00000, 0x0000000706c00000| Untracked 
|  69|0x0000000706d00000, 0x0000000706d00000, 0x0000000706e00000|  0%| F|  |TAMS 0x0000000706d00000, 0x0000000706d00000| Untracked 
|  70|0x0000000706e00000, 0x0000000706e00000, 0x0000000706f00000|  0%| F|  |TAMS 0x0000000706e00000, 0x0000000706e00000| Untracked 
|  71|0x0000000706f00000, 0x0000000706f00000, 0x0000000707000000|  0%| F|  |TAMS 0x0000000706f00000, 0x0000000706f00000| Untracked 
|  72|0x0000000707000000, 0x0000000707000000, 0x0000000707100000|  0%| F|  |TAMS 0x0000000707000000, 0x0000000707000000| Untracked 
|  73|0x0000000707100000, 0x0000000707100000, 0x0000000707200000|  0%| F|  |TAMS 0x0000000707100000, 0x0000000707100000| Untracked 
|  74|0x0000000707200000, 0x0000000707200000, 0x0000000707300000|  0%| F|  |TAMS 0x0000000707200000, 0x0000000707200000| Untracked 
|  75|0x0000000707300000, 0x0000000707300000, 0x0000000707400000|  0%| F|  |TAMS 0x0000000707300000, 0x0000000707300000| Untracked 
|  76|0x0000000707400000, 0x0000000707400000, 0x0000000707500000|  0%| F|  |TAMS 0x0000000707400000, 0x0000000707400000| Untracked 
|  77|0x0000000707500000, 0x0000000707500000, 0x0000000707600000|  0%| F|  |TAMS 0x0000000707500000, 0x0000000707500000| Untracked 
|  78|0x0000000707600000, 0x0000000707600000, 0x0000000707700000|  0%| F|  |TAMS 0x0000000707600000, 0x0000000707600000| Untracked 
|  79|0x0000000707700000, 0x0000000707700000, 0x0000000707800000|  0%| F|  |TAMS 0x0000000707700000, 0x0000000707700000| Untracked 
|  80|0x0000000707800000, 0x0000000707800000, 0x0000000707900000|  0%| F|  |TAMS 0x0000000707800000, 0x0000000707800000| Untracked 
|  81|0x0000000707900000, 0x0000000707900000, 0x0000000707a00000|  0%| F|  |TAMS 0x0000000707900000, 0x0000000707900000| Untracked 
|  82|0x0000000707a00000, 0x0000000707a00000, 0x0000000707b00000|  0%| F|  |TAMS 0x0000000707a00000, 0x0000000707a00000| Untracked 
|  83|0x0000000707b00000, 0x0000000707b00000, 0x0000000707c00000|  0%| F|  |TAMS 0x0000000707b00000, 0x0000000707b00000| Untracked 
|  84|0x0000000707c00000, 0x0000000707c00000, 0x0000000707d00000|  0%| F|  |TAMS 0x0000000707c00000, 0x0000000707c00000| Untracked 
|  85|0x0000000707d00000, 0x0000000707d00000, 0x0000000707e00000|  0%| F|  |TAMS 0x0000000707d00000, 0x0000000707d00000| Untracked 
|  86|0x0000000707e00000, 0x0000000707e00000, 0x0000000707f00000|  0%| F|  |TAMS 0x0000000707e00000, 0x0000000707e00000| Untracked 
|  87|0x0000000707f00000, 0x0000000707f00000, 0x0000000708000000|  0%| F|  |TAMS 0x0000000707f00000, 0x0000000707f00000| Untracked 
|  88|0x0000000708000000, 0x0000000708000000, 0x0000000708100000|  0%| F|  |TAMS 0x0000000708000000, 0x0000000708000000| Untracked 
|  89|0x0000000708100000, 0x0000000708100000, 0x0000000708200000|  0%| F|  |TAMS 0x0000000708100000, 0x0000000708100000| Untracked 
|  90|0x0000000708200000, 0x0000000708200000, 0x0000000708300000|  0%| F|  |TAMS 0x0000000708200000, 0x0000000708200000| Untracked 
|  91|0x0000000708300000, 0x0000000708300000, 0x0000000708400000|  0%| F|  |TAMS 0x0000000708300000, 0x0000000708300000| Untracked 
|  92|0x0000000708400000, 0x0000000708400000, 0x0000000708500000|  0%| F|  |TAMS 0x0000000708400000, 0x0000000708400000| Untracked 
|  93|0x0000000708500000, 0x0000000708500000, 0x0000000708600000|  0%| F|  |TAMS 0x0000000708500000, 0x0000000708500000| Untracked 
|  94|0x0000000708600000, 0x0000000708600000, 0x0000000708700000|  0%| F|  |TAMS 0x0000000708600000, 0x0000000708600000| Untracked 
|  95|0x0000000708700000, 0x0000000708700000, 0x0000000708800000|  0%| F|  |TAMS 0x0000000708700000, 0x0000000708700000| Untracked 
|  96|0x0000000708800000, 0x0000000708800000, 0x0000000708900000|  0%| F|  |TAMS 0x0000000708800000, 0x0000000708800000| Untracked 
|  97|0x0000000708900000, 0x0000000708900000, 0x0000000708a00000|  0%| F|  |TAMS 0x0000000708900000, 0x0000000708900000| Untracked 
|  98|0x0000000708a00000, 0x0000000708a00000, 0x0000000708b00000|  0%| F|  |TAMS 0x0000000708a00000, 0x0000000708a00000| Untracked 
|  99|0x0000000708b00000, 0x0000000708b00000, 0x0000000708c00000|  0%| F|  |TAMS 0x0000000708b00000, 0x0000000708b00000| Untracked 
| 100|0x0000000708c00000, 0x0000000708c00000, 0x0000000708d00000|  0%| F|  |TAMS 0x0000000708c00000, 0x0000000708c00000| Untracked 
| 101|0x0000000708d00000, 0x0000000708d00000, 0x0000000708e00000|  0%| F|  |TAMS 0x0000000708d00000, 0x0000000708d00000| Untracked 
| 102|0x0000000708e00000, 0x0000000708e00000, 0x0000000708f00000|  0%| F|  |TAMS 0x0000000708e00000, 0x0000000708e00000| Untracked 
| 103|0x0000000708f00000, 0x0000000708f00000, 0x0000000709000000|  0%| F|  |TAMS 0x0000000708f00000, 0x0000000708f00000| Untracked 
| 104|0x0000000709000000, 0x0000000709000000, 0x0000000709100000|  0%| F|  |TAMS 0x0000000709000000, 0x0000000709000000| Untracked 
| 105|0x0000000709100000, 0x0000000709100000, 0x0000000709200000|  0%| F|  |TAMS 0x0000000709100000, 0x0000000709100000| Untracked 
| 106|0x0000000709200000, 0x0000000709200000, 0x0000000709300000|  0%| F|  |TAMS 0x0000000709200000, 0x0000000709200000| Untracked 
| 107|0x0000000709300000, 0x0000000709300000, 0x0000000709400000|  0%| F|  |TAMS 0x0000000709300000, 0x0000000709300000| Untracked 
| 108|0x0000000709400000, 0x0000000709400000, 0x0000000709500000|  0%| F|  |TAMS 0x0000000709400000, 0x0000000709400000| Untracked 
| 109|0x0000000709500000, 0x0000000709500000, 0x0000000709600000|  0%| F|  |TAMS 0x0000000709500000, 0x0000000709500000| Untracked 
| 110|0x0000000709600000, 0x0000000709600000, 0x0000000709700000|  0%| F|  |TAMS 0x0000000709600000, 0x0000000709600000| Untracked 
| 111|0x0000000709700000, 0x0000000709700000, 0x0000000709800000|  0%| F|  |TAMS 0x0000000709700000, 0x0000000709700000| Untracked 
| 112|0x0000000709800000, 0x0000000709800000, 0x0000000709900000|  0%| F|  |TAMS 0x0000000709800000, 0x0000000709800000| Untracked 
| 113|0x0000000709900000, 0x0000000709900000, 0x0000000709a00000|  0%| F|  |TAMS 0x0000000709900000, 0x0000000709900000| Untracked 
| 114|0x0000000709a00000, 0x0000000709a00000, 0x0000000709b00000|  0%| F|  |TAMS 0x0000000709a00000, 0x0000000709a00000| Untracked 
| 115|0x0000000709b00000, 0x0000000709b00000, 0x0000000709c00000|  0%| F|  |TAMS 0x0000000709b00000, 0x0000000709b00000| Untracked 
| 116|0x0000000709c00000, 0x0000000709c00000, 0x0000000709d00000|  0%| F|  |TAMS 0x0000000709c00000, 0x0000000709c00000| Untracked 
| 117|0x0000000709d00000, 0x0000000709d00000, 0x0000000709e00000|  0%| F|  |TAMS 0x0000000709d00000, 0x0000000709d00000| Untracked 
| 118|0x0000000709e00000, 0x0000000709e00000, 0x0000000709f00000|  0%| F|  |TAMS 0x0000000709e00000, 0x0000000709e00000| Untracked 
| 119|0x0000000709f00000, 0x0000000709f00000, 0x000000070a000000|  0%| F|  |TAMS 0x0000000709f00000, 0x0000000709f00000| Untracked 
| 120|0x000000070a000000, 0x000000070a000000, 0x000000070a100000|  0%| F|  |TAMS 0x000000070a000000, 0x000000070a000000| Untracked 
| 121|0x000000070a100000, 0x000000070a100000, 0x000000070a200000|  0%| F|  |TAMS 0x000000070a100000, 0x000000070a100000| Untracked 
| 122|0x000000070a200000, 0x000000070a200000, 0x000000070a300000|  0%| F|  |TAMS 0x000000070a200000, 0x000000070a200000| Untracked 
| 123|0x000000070a300000, 0x000000070a300000, 0x000000070a400000|  0%| F|  |TAMS 0x000000070a300000, 0x000000070a300000| Untracked 
| 124|0x000000070a400000, 0x000000070a400000, 0x000000070a500000|  0%| F|  |TAMS 0x000000070a400000, 0x000000070a400000| Untracked 
| 125|0x000000070a500000, 0x000000070a500000, 0x000000070a600000|  0%| F|  |TAMS 0x000000070a500000, 0x000000070a500000| Untracked 
| 126|0x000000070a600000, 0x000000070a600000, 0x000000070a700000|  0%| F|  |TAMS 0x000000070a600000, 0x000000070a600000| Untracked 
| 127|0x000000070a700000, 0x000000070a700000, 0x000000070a800000|  0%| F|  |TAMS 0x000000070a700000, 0x000000070a700000| Untracked 
| 128|0x000000070a800000, 0x000000070a800000, 0x000000070a900000|  0%| F|  |TAMS 0x000000070a800000, 0x000000070a800000| Untracked 
| 129|0x000000070a900000, 0x000000070a900000, 0x000000070aa00000|  0%| F|  |TAMS 0x000000070a900000, 0x000000070a900000| Untracked 
| 130|0x000000070aa00000, 0x000000070aa00000, 0x000000070ab00000|  0%| F|  |TAMS 0x000000070aa00000, 0x000000070aa00000| Untracked 
| 131|0x000000070ab00000, 0x000000070ab00000, 0x000000070ac00000|  0%| F|  |TAMS 0x000000070ab00000, 0x000000070ab00000| Untracked 
| 132|0x000000070ac00000, 0x000000070ac00000, 0x000000070ad00000|  0%| F|  |TAMS 0x000000070ac00000, 0x000000070ac00000| Untracked 
| 133|0x000000070ad00000, 0x000000070ad00000, 0x000000070ae00000|  0%| F|  |TAMS 0x000000070ad00000, 0x000000070ad00000| Untracked 
| 134|0x000000070ae00000, 0x000000070ae00000, 0x000000070af00000|  0%| F|  |TAMS 0x000000070ae00000, 0x000000070ae00000| Untracked 
| 135|0x000000070af00000, 0x000000070af00000, 0x000000070b000000|  0%| F|  |TAMS 0x000000070af00000, 0x000000070af00000| Untracked 
| 136|0x000000070b000000, 0x000000070b000000, 0x000000070b100000|  0%| F|  |TAMS 0x000000070b000000, 0x000000070b000000| Untracked 
| 137|0x000000070b100000, 0x000000070b100000, 0x000000070b200000|  0%| F|  |TAMS 0x000000070b100000, 0x000000070b100000| Untracked 
| 138|0x000000070b200000, 0x000000070b200000, 0x000000070b300000|  0%| F|  |TAMS 0x000000070b200000, 0x000000070b200000| Untracked 
| 139|0x000000070b300000, 0x000000070b300000, 0x000000070b400000|  0%| F|  |TAMS 0x000000070b300000, 0x000000070b300000| Untracked 
| 140|0x000000070b400000, 0x000000070b400000, 0x000000070b500000|  0%| F|  |TAMS 0x000000070b400000, 0x000000070b400000| Untracked 
| 141|0x000000070b500000, 0x000000070b500000, 0x000000070b600000|  0%| F|  |TAMS 0x000000070b500000, 0x000000070b500000| Untracked 
| 142|0x000000070b600000, 0x000000070b600000, 0x000000070b700000|  0%| F|  |TAMS 0x000000070b600000, 0x000000070b600000| Untracked 
| 143|0x000000070b700000, 0x000000070b700000, 0x000000070b800000|  0%| F|  |TAMS 0x000000070b700000, 0x000000070b700000| Untracked 
| 144|0x000000070b800000, 0x000000070b800000, 0x000000070b900000|  0%| F|  |TAMS 0x000000070b800000, 0x000000070b800000| Untracked 
| 145|0x000000070b900000, 0x000000070b900000, 0x000000070ba00000|  0%| F|  |TAMS 0x000000070b900000, 0x000000070b900000| Untracked 
| 146|0x000000070ba00000, 0x000000070ba00000, 0x000000070bb00000|  0%| F|  |TAMS 0x000000070ba00000, 0x000000070ba00000| Untracked 
| 147|0x000000070bb00000, 0x000000070bb00000, 0x000000070bc00000|  0%| F|  |TAMS 0x000000070bb00000, 0x000000070bb00000| Untracked 
| 148|0x000000070bc00000, 0x000000070bc00000, 0x000000070bd00000|  0%| F|  |TAMS 0x000000070bc00000, 0x000000070bc00000| Untracked 
| 149|0x000000070bd00000, 0x000000070bd00000, 0x000000070be00000|  0%| F|  |TAMS 0x000000070bd00000, 0x000000070bd00000| Untracked 
| 150|0x000000070be00000, 0x000000070be00000, 0x000000070bf00000|  0%| F|  |TAMS 0x000000070be00000, 0x000000070be00000| Untracked 
| 151|0x000000070bf00000, 0x000000070bf00000, 0x000000070c000000|  0%| F|  |TAMS 0x000000070bf00000, 0x000000070bf00000| Untracked 
| 152|0x000000070c000000, 0x000000070c000000, 0x000000070c100000|  0%| F|  |TAMS 0x000000070c000000, 0x000000070c000000| Untracked 
| 153|0x000000070c100000, 0x000000070c100000, 0x000000070c200000|  0%| F|  |TAMS 0x000000070c100000, 0x000000070c100000| Untracked 
| 154|0x000000070c200000, 0x000000070c200000, 0x000000070c300000|  0%| F|  |TAMS 0x000000070c200000, 0x000000070c200000| Untracked 
| 155|0x000000070c300000, 0x000000070c300000, 0x000000070c400000|  0%| F|  |TAMS 0x000000070c300000, 0x000000070c300000| Untracked 
| 156|0x000000070c400000, 0x000000070c400000, 0x000000070c500000|  0%| F|  |TAMS 0x000000070c400000, 0x000000070c400000| Untracked 
| 157|0x000000070c500000, 0x000000070c500000, 0x000000070c600000|  0%| F|  |TAMS 0x000000070c500000, 0x000000070c500000| Untracked 
| 158|0x000000070c600000, 0x000000070c600000, 0x000000070c700000|  0%| F|  |TAMS 0x000000070c600000, 0x000000070c600000| Untracked 
| 159|0x000000070c700000, 0x000000070c700000, 0x000000070c800000|  0%| F|  |TAMS 0x000000070c700000, 0x000000070c700000| Untracked 
| 160|0x000000070c800000, 0x000000070c800000, 0x000000070c900000|  0%| F|  |TAMS 0x000000070c800000, 0x000000070c800000| Untracked 
| 161|0x000000070c900000, 0x000000070c900000, 0x000000070ca00000|  0%| F|  |TAMS 0x000000070c900000, 0x000000070c900000| Untracked 
| 162|0x000000070ca00000, 0x000000070ca00000, 0x000000070cb00000|  0%| F|  |TAMS 0x000000070ca00000, 0x000000070ca00000| Untracked 
| 163|0x000000070cb00000, 0x000000070cb00000, 0x000000070cc00000|  0%| F|  |TAMS 0x000000070cb00000, 0x000000070cb00000| Untracked 
| 164|0x000000070cc00000, 0x000000070cc00000, 0x000000070cd00000|  0%| F|  |TAMS 0x000000070cc00000, 0x000000070cc00000| Untracked 
| 165|0x000000070cd00000, 0x000000070cd00000, 0x000000070ce00000|  0%| F|  |TAMS 0x000000070cd00000, 0x000000070cd00000| Untracked 
| 166|0x000000070ce00000, 0x000000070ce00000, 0x000000070cf00000|  0%| F|  |TAMS 0x000000070ce00000, 0x000000070ce00000| Untracked 
| 167|0x000000070cf00000, 0x000000070cf00000, 0x000000070d000000|  0%| F|  |TAMS 0x000000070cf00000, 0x000000070cf00000| Untracked 
| 168|0x000000070d000000, 0x000000070d000000, 0x000000070d100000|  0%| F|  |TAMS 0x000000070d000000, 0x000000070d000000| Untracked 
| 169|0x000000070d100000, 0x000000070d100000, 0x000000070d200000|  0%| F|  |TAMS 0x000000070d100000, 0x000000070d100000| Untracked 
| 170|0x000000070d200000, 0x000000070d200000, 0x000000070d300000|  0%| F|  |TAMS 0x000000070d200000, 0x000000070d200000| Untracked 
| 171|0x000000070d300000, 0x000000070d300000, 0x000000070d400000|  0%| F|  |TAMS 0x000000070d300000, 0x000000070d300000| Untracked 
| 172|0x000000070d400000, 0x000000070d400000, 0x000000070d500000|  0%| F|  |TAMS 0x000000070d400000, 0x000000070d400000| Untracked 
| 173|0x000000070d500000, 0x000000070d500000, 0x000000070d600000|  0%| F|  |TAMS 0x000000070d500000, 0x000000070d500000| Untracked 
| 174|0x000000070d600000, 0x000000070d600000, 0x000000070d700000|  0%| F|  |TAMS 0x000000070d600000, 0x000000070d600000| Untracked 
| 175|0x000000070d700000, 0x000000070d700000, 0x000000070d800000|  0%| F|  |TAMS 0x000000070d700000, 0x000000070d700000| Untracked 
| 176|0x000000070d800000, 0x000000070d800000, 0x000000070d900000|  0%| F|  |TAMS 0x000000070d800000, 0x000000070d800000| Untracked 
| 177|0x000000070d900000, 0x000000070d900000, 0x000000070da00000|  0%| F|  |TAMS 0x000000070d900000, 0x000000070d900000| Untracked 
| 178|0x000000070da00000, 0x000000070da00000, 0x000000070db00000|  0%| F|  |TAMS 0x000000070da00000, 0x000000070da00000| Untracked 
| 179|0x000000070db00000, 0x000000070db00000, 0x000000070dc00000|  0%| F|  |TAMS 0x000000070db00000, 0x000000070db00000| Untracked 
| 180|0x000000070dc00000, 0x000000070dc00000, 0x000000070dd00000|  0%| F|  |TAMS 0x000000070dc00000, 0x000000070dc00000| Untracked 
| 181|0x000000070dd00000, 0x000000070dd00000, 0x000000070de00000|  0%| F|  |TAMS 0x000000070dd00000, 0x000000070dd00000| Untracked 
| 182|0x000000070de00000, 0x000000070de00000, 0x000000070df00000|  0%| F|  |TAMS 0x000000070de00000, 0x000000070de00000| Untracked 
| 183|0x000000070df00000, 0x000000070df00000, 0x000000070e000000|  0%| F|  |TAMS 0x000000070df00000, 0x000000070df00000| Untracked 
| 184|0x000000070e000000, 0x000000070e000000, 0x000000070e100000|  0%| F|  |TAMS 0x000000070e000000, 0x000000070e000000| Untracked 
| 185|0x000000070e100000, 0x000000070e100000, 0x000000070e200000|  0%| F|  |TAMS 0x000000070e100000, 0x000000070e100000| Untracked 
| 186|0x000000070e200000, 0x000000070e200000, 0x000000070e300000|  0%| F|  |TAMS 0x000000070e200000, 0x000000070e200000| Untracked 
| 187|0x000000070e300000, 0x000000070e300000, 0x000000070e400000|  0%| F|  |TAMS 0x000000070e300000, 0x000000070e300000| Untracked 
| 188|0x000000070e400000, 0x000000070e400000, 0x000000070e500000|  0%| F|  |TAMS 0x000000070e400000, 0x000000070e400000| Untracked 
| 189|0x000000070e500000, 0x000000070e500000, 0x000000070e600000|  0%| F|  |TAMS 0x000000070e500000, 0x000000070e500000| Untracked 
| 190|0x000000070e600000, 0x000000070e600000, 0x000000070e700000|  0%| F|  |TAMS 0x000000070e600000, 0x000000070e600000| Untracked 
| 191|0x000000070e700000, 0x000000070e700000, 0x000000070e800000|  0%| F|  |TAMS 0x000000070e700000, 0x000000070e700000| Untracked 
| 192|0x000000070e800000, 0x000000070e800000, 0x000000070e900000|  0%| F|  |TAMS 0x000000070e800000, 0x000000070e800000| Untracked 
| 193|0x000000070e900000, 0x000000070e900000, 0x000000070ea00000|  0%| F|  |TAMS 0x000000070e900000, 0x000000070e900000| Untracked 
| 194|0x000000070ea00000, 0x000000070ea00000, 0x000000070eb00000|  0%| F|  |TAMS 0x000000070ea00000, 0x000000070ea00000| Untracked 
| 195|0x000000070eb00000, 0x000000070eb00000, 0x000000070ec00000|  0%| F|  |TAMS 0x000000070eb00000, 0x000000070eb00000| Untracked 
| 196|0x000000070ec00000, 0x000000070ec00000, 0x000000070ed00000|  0%| F|  |TAMS 0x000000070ec00000, 0x000000070ec00000| Untracked 
| 197|0x000000070ed00000, 0x000000070ed00000, 0x000000070ee00000|  0%| F|  |TAMS 0x000000070ed00000, 0x000000070ed00000| Untracked 
| 198|0x000000070ee00000, 0x000000070ee00000, 0x000000070ef00000|  0%| F|  |TAMS 0x000000070ee00000, 0x000000070ee00000| Untracked 
| 199|0x000000070ef00000, 0x000000070ef00000, 0x000000070f000000|  0%| F|  |TAMS 0x000000070ef00000, 0x000000070ef00000| Untracked 
| 200|0x000000070f000000, 0x000000070f000000, 0x000000070f100000|  0%| F|  |TAMS 0x000000070f000000, 0x000000070f000000| Untracked 
| 201|0x000000070f100000, 0x000000070f100000, 0x000000070f200000|  0%| F|  |TAMS 0x000000070f100000, 0x000000070f100000| Untracked 
| 202|0x000000070f200000, 0x000000070f200000, 0x000000070f300000|  0%| F|  |TAMS 0x000000070f200000, 0x000000070f200000| Untracked 
| 203|0x000000070f300000, 0x000000070f300000, 0x000000070f400000|  0%| F|  |TAMS 0x000000070f300000, 0x000000070f300000| Untracked 
| 204|0x000000070f400000, 0x000000070f400000, 0x000000070f500000|  0%| F|  |TAMS 0x000000070f400000, 0x000000070f400000| Untracked 
| 205|0x000000070f500000, 0x000000070f586c40, 0x000000070f600000| 52%| S|CS|TAMS 0x000000070f500000, 0x000000070f500000| Complete 
| 206|0x000000070f600000, 0x000000070f700000, 0x000000070f700000|100%| S|CS|TAMS 0x000000070f600000, 0x000000070f600000| Complete 
| 207|0x000000070f700000, 0x000000070f800000, 0x000000070f800000|100%| S|CS|TAMS 0x000000070f700000, 0x000000070f700000| Complete 
| 208|0x000000070f800000, 0x000000070f900000, 0x000000070f900000|100%| S|CS|TAMS 0x000000070f800000, 0x000000070f800000| Complete 
| 209|0x000000070f900000, 0x000000070fa00000, 0x000000070fa00000|100%| S|CS|TAMS 0x000000070f900000, 0x000000070f900000| Complete 
| 210|0x000000070fa00000, 0x000000070fb00000, 0x000000070fb00000|100%| S|CS|TAMS 0x000000070fa00000, 0x000000070fa00000| Complete 
| 211|0x000000070fb00000, 0x000000070fc00000, 0x000000070fc00000|100%| S|CS|TAMS 0x000000070fb00000, 0x000000070fb00000| Complete 
| 212|0x000000070fc00000, 0x000000070fc00000, 0x000000070fd00000|  0%| F|  |TAMS 0x000000070fc00000, 0x000000070fc00000| Untracked 
| 213|0x000000070fd00000, 0x000000070fd00000, 0x000000070fe00000|  0%| F|  |TAMS 0x000000070fd00000, 0x000000070fd00000| Untracked 
| 214|0x000000070fe00000, 0x000000070fe00000, 0x000000070ff00000|  0%| F|  |TAMS 0x000000070fe00000, 0x000000070fe00000| Untracked 
| 215|0x000000070ff00000, 0x000000070ff00000, 0x0000000710000000|  0%| F|  |TAMS 0x000000070ff00000, 0x000000070ff00000| Untracked 
| 216|0x0000000710000000, 0x0000000710000000, 0x0000000710100000|  0%| F|  |TAMS 0x0000000710000000, 0x0000000710000000| Untracked 
| 217|0x0000000710100000, 0x0000000710100000, 0x0000000710200000|  0%| F|  |TAMS 0x0000000710100000, 0x0000000710100000| Untracked 
| 218|0x0000000710200000, 0x00000007102d7e78, 0x0000000710300000| 84%| E|  |TAMS 0x0000000710200000, 0x0000000710200000| Complete 
| 219|0x0000000710300000, 0x0000000710400000, 0x0000000710400000|100%| E|CS|TAMS 0x0000000710300000, 0x0000000710300000| Complete 
| 220|0x0000000710400000, 0x0000000710500000, 0x0000000710500000|100%| E|CS|TAMS 0x0000000710400000, 0x0000000710400000| Complete 
| 221|0x0000000710500000, 0x0000000710600000, 0x0000000710600000|100%| E|CS|TAMS 0x0000000710500000, 0x0000000710500000| Complete 
| 222|0x0000000710600000, 0x0000000710700000, 0x0000000710700000|100%| E|CS|TAMS 0x0000000710600000, 0x0000000710600000| Complete 
| 223|0x0000000710700000, 0x0000000710800000, 0x0000000710800000|100%| E|CS|TAMS 0x0000000710700000, 0x0000000710700000| Complete 
| 224|0x0000000710800000, 0x0000000710900000, 0x0000000710900000|100%| E|CS|TAMS 0x0000000710800000, 0x0000000710800000| Complete 
| 225|0x0000000710900000, 0x0000000710a00000, 0x0000000710a00000|100%| E|CS|TAMS 0x0000000710900000, 0x0000000710900000| Complete 
| 226|0x0000000710a00000, 0x0000000710b00000, 0x0000000710b00000|100%| E|CS|TAMS 0x0000000710a00000, 0x0000000710a00000| Complete 
| 227|0x0000000710b00000, 0x0000000710c00000, 0x0000000710c00000|100%| E|CS|TAMS 0x0000000710b00000, 0x0000000710b00000| Complete 
| 228|0x0000000710c00000, 0x0000000710d00000, 0x0000000710d00000|100%| E|CS|TAMS 0x0000000710c00000, 0x0000000710c00000| Complete 
| 229|0x0000000710d00000, 0x0000000710e00000, 0x0000000710e00000|100%| E|CS|TAMS 0x0000000710d00000, 0x0000000710d00000| Complete 
| 230|0x0000000710e00000, 0x0000000710f00000, 0x0000000710f00000|100%| E|CS|TAMS 0x0000000710e00000, 0x0000000710e00000| Complete 
| 231|0x0000000710f00000, 0x0000000711000000, 0x0000000711000000|100%| E|CS|TAMS 0x0000000710f00000, 0x0000000710f00000| Complete 
| 232|0x0000000711000000, 0x0000000711100000, 0x0000000711100000|100%| E|CS|TAMS 0x0000000711000000, 0x0000000711000000| Complete 
| 233|0x0000000711100000, 0x0000000711200000, 0x0000000711200000|100%| E|CS|TAMS 0x0000000711100000, 0x0000000711100000| Complete 
| 234|0x0000000711200000, 0x0000000711300000, 0x0000000711300000|100%| E|CS|TAMS 0x0000000711200000, 0x0000000711200000| Complete 
| 235|0x0000000711300000, 0x0000000711400000, 0x0000000711400000|100%| E|CS|TAMS 0x0000000711300000, 0x0000000711300000| Complete 
| 236|0x0000000711400000, 0x0000000711500000, 0x0000000711500000|100%| E|CS|TAMS 0x0000000711400000, 0x0000000711400000| Complete 
| 237|0x0000000711500000, 0x0000000711600000, 0x0000000711600000|100%| E|CS|TAMS 0x0000000711500000, 0x0000000711500000| Complete 
| 238|0x0000000711600000, 0x0000000711700000, 0x0000000711700000|100%| E|CS|TAMS 0x0000000711600000, 0x0000000711600000| Complete 
| 239|0x0000000711700000, 0x0000000711800000, 0x0000000711800000|100%| E|CS|TAMS 0x0000000711700000, 0x0000000711700000| Complete 
| 240|0x0000000711800000, 0x0000000711900000, 0x0000000711900000|100%| E|CS|TAMS 0x0000000711800000, 0x0000000711800000| Complete 
| 241|0x0000000711900000, 0x0000000711a00000, 0x0000000711a00000|100%| E|CS|TAMS 0x0000000711900000, 0x0000000711900000| Complete 
| 242|0x0000000711a00000, 0x0000000711b00000, 0x0000000711b00000|100%| E|CS|TAMS 0x0000000711a00000, 0x0000000711a00000| Complete 
| 243|0x0000000711b00000, 0x0000000711c00000, 0x0000000711c00000|100%| E|CS|TAMS 0x0000000711b00000, 0x0000000711b00000| Complete 
| 244|0x0000000711c00000, 0x0000000711d00000, 0x0000000711d00000|100%| E|CS|TAMS 0x0000000711c00000, 0x0000000711c00000| Complete 
| 245|0x0000000711d00000, 0x0000000711e00000, 0x0000000711e00000|100%| E|CS|TAMS 0x0000000711d00000, 0x0000000711d00000| Complete 
| 246|0x0000000711e00000, 0x0000000711f00000, 0x0000000711f00000|100%| E|CS|TAMS 0x0000000711e00000, 0x0000000711e00000| Complete 
| 247|0x0000000711f00000, 0x0000000712000000, 0x0000000712000000|100%| E|CS|TAMS 0x0000000711f00000, 0x0000000711f00000| Complete 
| 248|0x0000000712000000, 0x0000000712100000, 0x0000000712100000|100%| E|CS|TAMS 0x0000000712000000, 0x0000000712000000| Complete 
| 249|0x0000000712100000, 0x0000000712200000, 0x0000000712200000|100%| E|CS|TAMS 0x0000000712100000, 0x0000000712100000| Complete 
| 250|0x0000000712200000, 0x0000000712300000, 0x0000000712300000|100%| E|CS|TAMS 0x0000000712200000, 0x0000000712200000| Complete 
| 251|0x0000000712300000, 0x0000000712400000, 0x0000000712400000|100%| E|CS|TAMS 0x0000000712300000, 0x0000000712300000| Complete 
| 252|0x0000000712400000, 0x0000000712500000, 0x0000000712500000|100%| E|CS|TAMS 0x0000000712400000, 0x0000000712400000| Complete 
| 253|0x0000000712500000, 0x0000000712600000, 0x0000000712600000|100%| E|CS|TAMS 0x0000000712500000, 0x0000000712500000| Complete 

Card table byte_map: [0x00000213eb9f0000,0x00000213ec1e0000] _byte_map_base: 0x00000213e81dc000

Marking Bits (Prev, Next): (CMBitMap*) 0x00000213d348a578, (CMBitMap*) 0x00000213d348a5b0
 Prev Bits: [0x00000213ec9d0000, 0x00000213f0930000)
 Next Bits: [0x00000213f0930000, 0x00000213f4890000)

Polling page: 0x00000213d34f0000

Metaspace:

Usage:
  Non-class:     34.69 MB capacity,    34.00 MB ( 98%) used,   564.76 KB (  2%) free+waste,   142.50 KB ( <1%) overhead. 
      Class:      5.28 MB capacity,     4.79 MB ( 91%) used,   432.84 KB (  8%) free+waste,    69.13 KB (  1%) overhead. 
       Both:     39.97 MB capacity,    38.79 MB ( 97%) used,   997.60 KB (  2%) free+waste,   211.63 KB ( <1%) overhead. 

Virtual space:
  Non-class space:       36.00 MB reserved,      34.92 MB ( 97%) committed 
      Class space:        1.00 GB reserved,       5.38 MB ( <1%) committed 
             Both:        1.04 GB reserved,      40.29 MB (  4%) committed 

Chunk freelists:
   Non-Class:  0 bytes
       Class:  0 bytes
        Both:  0 bytes

CodeHeap 'non-profiled nmethods': size=238336Kb used=6218Kb max_used=6218Kb free=232118Kb
 bounds [0x00000213dbee0000, 0x00000213dc500000, 0x00000213ea7a0000]
CodeHeap 'non-nmethods': size=7424Kb used=1837Kb max_used=2944Kb free=5587Kb
 bounds [0x00000213db7a0000, 0x00000213dbaf0000, 0x00000213dbee0000]
 total_blobs=4205 nmethods=3638 adapters=463
 compilation: enabled
              stopped_count=0, restarted_count=0
 full_count=0

Compilation events (10 events):
Event: 87.992 Thread 0x00000213f8276000 nmethod 3650 0x00000213dc4ec410 code [0x00000213dc4ec700, 0x00000213dc4ed1b0]
Event: 87.992 Thread 0x00000213f8276000 3652   !   1       java.util.concurrent.ConcurrentHashMap::computeIfAbsent (576 bytes)
Event: 87.992 Thread 0x00000213f7d23800 nmethod 3651 0x00000213dc4ed810 code [0x00000213dc4edac0, 0x00000213dc4ee530]
Event: 87.992 Thread 0x00000213f7d23800 3653       1       java.lang.ClassLoader::getNamedPackage (73 bytes)
Event: 87.993 Thread 0x00000213f7d23800 nmethod 3653 0x00000213dc4eeb10 code [0x00000213dc4eece0, 0x00000213dc4eefd0]
Event: 87.994 Thread 0x00000213f8276000 nmethod 3652 0x00000213dc4ef190 code [0x00000213dc4ef4c0, 0x00000213dc4f0f10]
Event: 88.013 Thread 0x00000213f7d23800 3654       1       java.util.Arrays$ArrayList::toArray (47 bytes)
Event: 88.013 Thread 0x00000213f8276000 3655       1       java.lang.invoke.ClassSpecializer$SpeciesData::getterFunction (78 bytes)
Event: 88.013 Thread 0x00000213f8276000 nmethod 3655 0x00000213dc4f1d90 code [0x00000213dc4f1f40, 0x00000213dc4f20d0]
Event: 88.013 Thread 0x00000213f7d23800 nmethod 3654 0x00000213dc4f2190 code [0x00000213dc4f2360, 0x00000213dc4f26e0]

GC Heap History (10 events):
Event: 2.114 GC heap before
{Heap before GC invocations=0 (full 0):
 garbage-first heap   total 260096K, used 23552K [0x0000000702800000, 0x0000000800000000)
  region size 1024K, 24 young (24576K), 0 survivors (0K)
 Metaspace       used 15138K, capacity 15545K, committed 15616K, reserved 1062912K
  class space    used 1642K, capacity 1780K, committed 1792K, reserved 1048576K
}
Event: 2.118 GC heap after
{Heap after GC invocations=1 (full 0):
 garbage-first heap   total 260096K, used 5215K [0x0000000702800000, 0x0000000800000000)
  region size 1024K, 3 young (3072K), 3 survivors (3072K)
 Metaspace       used 15138K, capacity 15545K, committed 15616K, reserved 1062912K
  class space    used 1642K, capacity 1780K, committed 1792K, reserved 1048576K
}
Event: 2.315 GC heap before
{Heap before GC invocations=1 (full 0):
 garbage-first heap   total 260096K, used 18527K [0x0000000702800000, 0x0000000800000000)
  region size 1024K, 16 young (16384K), 3 survivors (3072K)
 Metaspace       used 17814K, capacity 18325K, committed 18688K, reserved 1064960K
  class space    used 1982K, capacity 2182K, committed 2304K, reserved 1048576K
}
Event: 2.318 GC heap after
{Heap after GC invocations=2 (full 0):
 garbage-first heap   total 260096K, used 6066K [0x0000000702800000, 0x0000000800000000)
  region size 1024K, 1 young (1024K), 1 survivors (1024K)
 Metaspace       used 17814K, capacity 18325K, committed 18688K, reserved 1064960K
  class space    used 1982K, capacity 2182K, committed 2304K, reserved 1048576K
}
Event: 2.477 GC heap before
{Heap before GC invocations=2 (full 0):
 garbage-first heap   total 260096K, used 21426K [0x0000000702800000, 0x0000000800000000)
  region size 1024K, 18 young (18432K), 1 survivors (1024K)
 Metaspace       used 20471K, capacity 21022K, committed 21248K, reserved 1069056K
  class space    used 2364K, capacity 2549K, committed 2560K, reserved 1048576K
}
Event: 2.479 GC heap after
{Heap after GC invocations=3 (full 0):
 garbage-first heap   total 260096K, used 6722K [0x0000000702800000, 0x0000000800000000)
  region size 1024K, 2 young (2048K), 2 survivors (2048K)
 Metaspace       used 20471K, capacity 21022K, committed 21248K, reserved 1069056K
  class space    used 2364K, capacity 2549K, committed 2560K, reserved 1048576K
}
Event: 3.292 GC heap before
{Heap before GC invocations=4 (full 0):
 garbage-first heap   total 260096K, used 65090K [0x0000000702800000, 0x0000000800000000)
  region size 1024K, 60 young (61440K), 2 survivors (2048K)
 Metaspace       used 28357K, capacity 29198K, committed 29440K, reserved 1075200K
  class space    used 3451K, capacity 3796K, committed 3840K, reserved 1048576K
}
Event: 3.296 GC heap after
{Heap after GC invocations=5 (full 0):
 garbage-first heap   total 260096K, used 9170K [0x0000000702800000, 0x0000000800000000)
  region size 1024K, 4 young (4096K), 4 survivors (4096K)
 Metaspace       used 28357K, capacity 29198K, committed 29440K, reserved 1075200K
  class space    used 3451K, capacity 3796K, committed 3840K, reserved 1048576K
}
Event: 3.843 GC heap before
{Heap before GC invocations=5 (full 0):
 garbage-first heap   total 260096K, used 51154K [0x0000000702800000, 0x0000000800000000)
  region size 1024K, 46 young (47104K), 4 survivors (4096K)
 Metaspace       used 34391K, capacity 35451K, committed 35628K, reserved 1081344K
  class space    used 4218K, capacity 4656K, committed 4736K, reserved 1048576K
}
Event: 3.850 GC heap after
{Heap after GC invocations=6 (full 0):
 garbage-first heap   total 260096K, used 11854K [0x0000000702800000, 0x0000000800000000)
  region size 1024K, 7 young (7168K), 7 survivors (7168K)
 Metaspace       used 34391K, capacity 35451K, committed 35628K, reserved 1081344K
  class space    used 4218K, capacity 4656K, committed 4736K, reserved 1048576K
}

Deoptimization events (0 events):
No events

Classes redefined (0 events):
No events

Internal exceptions (10 events):
Event: 3.919 Thread 0x00000213d3425800 Exception <a 'java/lang/ClassNotFoundException'{0x0000000712175d18}: org/springframework/web/context/ServletContextAwareCustomizer> (0x0000000712175d18) thrown at [t:/workspace/open/src/hotspot/share/classfile/systemDictionary.cpp, line 231]
Event: 3.920 Thread 0x00000213d3425800 Exception <a 'java/lang/ClassNotFoundException'{0x000000071217d7f0}: org/springframework/beans/factory/AwareCustomizer> (0x000000071217d7f0) thrown at [t:/workspace/open/src/hotspot/share/classfile/systemDictionary.cpp, line 231]
Event: 3.934 Thread 0x00000213f9907000 Exception <a 'java/lang/reflect/InvocationTargetException'{0x000000071208a240}> (0x000000071208a240) thrown at [t:/workspace/open/src/hotspot/share/runtime/reflection.cpp, line 1242]
Event: 3.984 Thread 0x00000213d3425800 Exception <a 'java/lang/NoSuchMethodError'{0x0000000711ca3f00}: java.lang.invoke.DirectMethodHandle$Holder.invokeVirtual(Ljava/lang/Object;Ljava/lang/Object;I)V> (0x0000000711ca3f00) thrown at [t:/workspace/open/src/hotspot/share/interpreter/linkResolver.
Event: 4.062 Thread 0x00000213d3425800 Exception <a 'java/lang/NoSuchMethodError'{0x00000007117a5de0}: java.lang.invoke.DirectMethodHandle$Holder.invokeInterface(Ljava/lang/Object;Ljava/lang/Object;Ljava/lang/Object;)Ljava/lang/Object;> (0x00000007117a5de0) thrown at [t:/workspace/open/src/hot
Event: 4.063 Thread 0x00000213d3425800 Exception <a 'java/lang/IncompatibleClassChangeError'{0x00000007117a8d68}: Found class java.lang.Object, but interface was expected> (0x00000007117a8d68) thrown at [t:/workspace/open/src/hotspot/share/interpreter/linkResolver.cpp, line 856]
Event: 4.090 Thread 0x00000213d3425800 Exception <a 'java/lang/NoSuchMethodError'{0x00000007116ce680}: java.lang.invoke.DirectMethodHandle$Holder.invokeStaticInit(Ljava/lang/Object;Ljava/lang/Object;Ljava/lang/Object;Ljava/lang/Object;)I> (0x00000007116ce680) thrown at [t:/workspace/open/src/h
Event: 88.000 Thread 0x00000213fa0d2000 Exception <a 'java/lang/ClassNotFoundException'{0x000000071025dd78}: sun/awt/resources/spi/awtProvider> (0x000000071025dd78) thrown at [t:/workspace/open/src/hotspot/share/classfile/systemDictionary.cpp, line 231]
Event: 88.013 Thread 0x00000213fa0d2000 Exception <a 'java/io/FileNotFoundException'{0x00000007102a7328}> (0x00000007102a7328) thrown at [t:/workspace/open/src/hotspot/share/prims/jni.cpp, line 615]
Event: 88.013 Thread 0x00000213fa0d2000 Exception <a 'java/io/FileNotFoundException'{0x00000007102ab458}> (0x00000007102ab458) thrown at [t:/workspace/open/src/hotspot/share/prims/jni.cpp, line 615]

Events (10 events):
Event: 88.014 loading class ch/olivo/leonardo/csgoRestServer/handler/domain/enums/ColorEventType
Event: 88.014 loading class ch/olivo/leonardo/csgoRestServer/handler/domain/enums/ColorEventType done
Event: 88.015 loading class jssc/SerialPortList
Event: 88.015 loading class jssc/SerialPortList done
Event: 88.015 Executing VM operation: RevokeBias
Event: 88.015 Executing VM operation: RevokeBias done
Event: 88.015 loading class jssc/SerialNativeInterface
Event: 88.015 loading class jssc/SerialNativeInterface done
Event: 88.030 loading class jssc/SerialPortList$1
Event: 88.030 loading class jssc/SerialPortList$1 done


Dynamic libraries:
0x00007ff67bf50000 - 0x00007ff67bf95000 	C:\java\jdk\64\11.0.1\bin\java.exe
0x00007ffd41af0000 - 0x00007ffd41cdd000 	C:\WINDOWS\SYSTEM32\ntdll.dll
0x00007ffd3fe90000 - 0x00007ffd3ff43000 	C:\WINDOWS\System32\KERNEL32.DLL
0x00007ffd3dbb0000 - 0x00007ffd3de43000 	C:\WINDOWS\System32\KERNELBASE.dll
0x00007ffd416f0000 - 0x00007ffd41887000 	C:\WINDOWS\System32\USER32.dll
0x00007ffd3e180000 - 0x00007ffd3e1a0000 	C:\WINDOWS\System32\win32u.dll
0x00007ffd40060000 - 0x00007ffd40089000 	C:\WINDOWS\System32\GDI32.dll
0x00007ffd3eb70000 - 0x00007ffd3ed09000 	C:\WINDOWS\System32\gdi32full.dll
0x00007ffd3ead0000 - 0x00007ffd3eb70000 	C:\WINDOWS\System32\msvcp_win.dll
0x00007ffd3e1a0000 - 0x00007ffd3e29a000 	C:\WINDOWS\System32\ucrtbase.dll
0x00007ffd269e0000 - 0x00007ffd26c59000 	C:\WINDOWS\WinSxS\amd64_microsoft.windows.common-controls_6595b64144ccf1df_6.0.17763.802_none_05b1445c0722d2cc\COMCTL32.dll
0x00007ffd3f3e0000 - 0x00007ffd3f47e000 	C:\WINDOWS\System32\msvcrt.dll
0x00007ffd3fb00000 - 0x00007ffd3fe2c000 	C:\WINDOWS\System32\combase.dll
0x00007ffd3f100000 - 0x00007ffd3f222000 	C:\WINDOWS\System32\RPCRT4.dll
0x00007ffd3e100000 - 0x00007ffd3e17e000 	C:\WINDOWS\System32\bcryptPrimitives.dll
0x00007ffd40030000 - 0x00007ffd4005e000 	C:\WINDOWS\System32\IMM32.DLL
0x00007ffd364a0000 - 0x00007ffd364b6000 	C:\java\jdk\64\11.0.1\bin\vcruntime140.dll
0x00007ffd1ce00000 - 0x00007ffd1ceaa000 	C:\java\jdk\64\11.0.1\bin\msvcp140.dll
0x00007ffcd9fa0000 - 0x00007ffcdaae1000 	C:\java\jdk\64\11.0.1\bin\server\jvm.dll
0x00007ffd3efe0000 - 0x00007ffd3f083000 	C:\WINDOWS\System32\ADVAPI32.dll
0x00007ffd3ef40000 - 0x00007ffd3efde000 	C:\WINDOWS\System32\sechost.dll
0x00007ffd3f090000 - 0x00007ffd3f098000 	C:\WINDOWS\System32\PSAPI.DLL
0x00007ffd3c3a0000 - 0x00007ffd3c3aa000 	C:\WINDOWS\SYSTEM32\VERSION.dll
0x00007ffd3ae00000 - 0x00007ffd3ae24000 	C:\WINDOWS\SYSTEM32\WINMM.dll
0x00007ffd2e840000 - 0x00007ffd2e849000 	C:\WINDOWS\SYSTEM32\WSOCK32.dll
0x00007ffd3f610000 - 0x00007ffd3f67d000 	C:\WINDOWS\System32\WS2_32.dll
0x00007ffd3add0000 - 0x00007ffd3adfd000 	C:\WINDOWS\SYSTEM32\winmmbase.dll
0x00007ffd3de50000 - 0x00007ffd3de9a000 	C:\WINDOWS\System32\cfgmgr32.dll
0x00007ffd3db90000 - 0x00007ffd3dba1000 	C:\WINDOWS\System32\kernel.appcore.dll
0x00007ffd36480000 - 0x00007ffd36491000 	C:\java\jdk\64\11.0.1\bin\verify.dll
0x00007ffd3b5d0000 - 0x00007ffd3b7bd000 	C:\WINDOWS\SYSTEM32\DBGHELP.DLL
0x00007ffd25ee0000 - 0x00007ffd25f0a000 	C:\WINDOWS\SYSTEM32\dbgcore.DLL
0x00007ffd2d0d0000 - 0x00007ffd2d0f8000 	C:\java\jdk\64\11.0.1\bin\java.dll
0x00007ffd2ba60000 - 0x00007ffd2ba97000 	C:\java\jdk\64\11.0.1\bin\jdwp.dll
0x00007ffd248b0000 - 0x00007ffd248df000 	C:\java\jdk\64\11.0.1\bin\instrument.dll
0x00007ffd2d0b0000 - 0x00007ffd2d0c6000 	C:\java\jdk\64\11.0.1\bin\zip.dll
0x00007ffd37190000 - 0x00007ffd3719a000 	C:\java\jdk\64\11.0.1\bin\jimage.dll
0x00007ffd40090000 - 0x00007ffd41584000 	C:\WINDOWS\System32\SHELL32.dll
0x00007ffd3ee90000 - 0x00007ffd3ef38000 	C:\WINDOWS\System32\shcore.dll
0x00007ffd3e380000 - 0x00007ffd3eacd000 	C:\WINDOWS\System32\windows.storage.dll
0x00007ffd3db00000 - 0x00007ffd3db24000 	C:\WINDOWS\System32\profapi.dll
0x00007ffd3db30000 - 0x00007ffd3db8d000 	C:\WINDOWS\System32\powrprof.dll
0x00007ffd3ffd0000 - 0x00007ffd40022000 	C:\WINDOWS\System32\shlwapi.dll
0x00007ffd3e080000 - 0x00007ffd3e097000 	C:\WINDOWS\System32\cryptsp.dll
0x00007ffd37000000 - 0x00007ffd3700a000 	C:\java\jdk\64\11.0.1\bin\dt_socket.dll
0x00007ffd3d350000 - 0x00007ffd3d3b7000 	C:\WINDOWS\system32\mswsock.dll
0x00007ffd2d090000 - 0x00007ffd2d0a9000 	C:\java\jdk\64\11.0.1\bin\net.dll
0x00007ffd3c560000 - 0x00007ffd3c652000 	C:\WINDOWS\SYSTEM32\WINHTTP.dll
0x00007ffd2c030000 - 0x00007ffd2c043000 	C:\java\jdk\64\11.0.1\bin\nio.dll
0x00007ffd3d0b0000 - 0x00007ffd3d176000 	C:\WINDOWS\SYSTEM32\DNSAPI.dll
0x00007ffd3f600000 - 0x00007ffd3f608000 	C:\WINDOWS\System32\NSI.dll
0x00007ffd3d070000 - 0x00007ffd3d0ad000 	C:\WINDOWS\SYSTEM32\IPHLPAPI.DLL
0x00007ffd30a40000 - 0x00007ffd30a4a000 	C:\Windows\System32\rasadhlp.dll
0x00007ffd3a4a0000 - 0x00007ffd3a519000 	C:\WINDOWS\System32\fwpuclnt.dll
0x00007ffd3e350000 - 0x00007ffd3e376000 	C:\WINDOWS\System32\bcrypt.dll
0x00007ffd36fa0000 - 0x00007ffd36fa9000 	C:\java\jdk\64\11.0.1\bin\management.dll
0x00007ffd36f90000 - 0x00007ffd36f9c000 	C:\java\jdk\64\11.0.1\bin\management_ext.dll
0x00007ffd3ced0000 - 0x00007ffd3cf03000 	C:\WINDOWS\system32\rsaenh.dll
0x00007ffd3d9e0000 - 0x00007ffd3da08000 	C:\WINDOWS\SYSTEM32\USERENV.dll
0x00007ffd3d520000 - 0x00007ffd3d52c000 	C:\WINDOWS\SYSTEM32\CRYPTBASE.dll
0x00007ffd39f70000 - 0x00007ffd39f86000 	C:\WINDOWS\SYSTEM32\dhcpcsvc6.DLL
0x00007ffd39f40000 - 0x00007ffd39f5c000 	C:\WINDOWS\SYSTEM32\dhcpcsvc.DLL
0x00007ffd21250000 - 0x00007ffd21266000 	C:\WINDOWS\system32\napinsp.dll
0x00007ffd216f0000 - 0x00007ffd2170a000 	C:\WINDOWS\system32\pnrpnsp.dll
0x00007ffd248a0000 - 0x00007ffd248ae000 	C:\WINDOWS\System32\winrnr.dll
0x00007ffd3aa60000 - 0x00007ffd3aa7b000 	C:\WINDOWS\system32\NLAapi.dll
0x00007ffd21760000 - 0x00007ffd21775000 	C:\WINDOWS\system32\wshbth.dll
0x00007ffd1cbc0000 - 0x00007ffd1cd5e000 	C:\java\jdk\64\11.0.1\bin\awt.dll
0x00007ffd3edc0000 - 0x00007ffd3ee84000 	C:\WINDOWS\System32\OLEAUT32.dll
0x00007ffd38c40000 - 0x00007ffd391fe000 	C:\WINDOWS\SYSTEM32\d2d1.dll
0x00007ffd3a220000 - 0x00007ffd3a2ac000 	C:\WINDOWS\SYSTEM32\apphelp.dll
0x0000000071100000 - 0x0000000071125000 	C:\Users\lolivo\.jssc\windows\jSSC-2.8_x86_64.dll

dbghelp: loaded successfully - version: 4.0.5 - missing functions: none
symbol engine: initialized successfully - sym options: 0x614 - pdb path: .;C:\java\jdk\64\11.0.1\bin;C:\WINDOWS\SYSTEM32;C:\WINDOWS\WinSxS\amd64_microsoft.windows.common-controls_6595b64144ccf1df_6.0.17763.802_none_05b1445c0722d2cc;C:\java\jdk\64\11.0.1\bin\server;C:\Users\lolivo\.jssc\windows

VM Arguments:
jvm_args: -agentlib:jdwp=transport=dt_socket,address=127.0.0.1:61703,suspend=y,server=n -XX:TieredStopAtLevel=1 -Xverify:none -Dspring.output.ansi.enabled=always -Dcom.sun.management.jmxremote -Dspring.jmx.enabled=true -Dspring.liveBeansView.mbeanDomain -Dspring.application.admin.enabled=true -javaagent:C:\Users\lolivo\AppData\Local\JetBrains\Toolbox\apps\IDEA-U\ch-0\192.7142.36\plugins\java\lib\rt\debugger-agent.jar -Dfile.encoding=UTF-8 
java_command: ch.olivo.leonardo.csgoRestServer.CsgoRestServerApplication
java_class_path (initial): C:\data\Projects\csgoRestServer\csgoSpring\target\classes;C:\Users\lolivo\.m2\repository\org\springframework\boot\spring-boot-starter\2.2.0.RELEASE\spring-boot-starter-2.2.0.RELEASE.jar;C:\Users\lolivo\.m2\repository\org\springframework\boot\spring-boot\2.2.0.RELEASE\spring-boot-2.2.0.RELEASE.jar;C:\Users\lolivo\.m2\repository\org\springframework\spring-context\5.2.0.RELEASE\spring-context-5.2.0.RELEASE.jar;C:\Users\lolivo\.m2\repository\org\springframework\boot\spring-boot-autoconfigure\2.2.0.RELEASE\spring-boot-autoconfigure-2.2.0.RELEASE.jar;C:\Users\lolivo\.m2\repository\org\springframework\boot\spring-boot-starter-logging\2.2.0.RELEASE\spring-boot-starter-logging-2.2.0.RELEASE.jar;C:\Users\lolivo\.m2\repository\ch\qos\logback\logback-classic\1.2.3\logback-classic-1.2.3.jar;C:\Users\lolivo\.m2\repository\ch\qos\logback\logback-core\1.2.3\logback-core-1.2.3.jar;C:\Users\lolivo\.m2\repository\org\apache\logging\log4j\log4j-to-slf4j\2.12.1\log4j-to-slf4j-2.12.1.jar;C:\Users\lolivo\.m2\repository\org\apache\logging\log4j\log4j-api\2.12.1\log4j-api-2.12.1.jar;C:\Users\lolivo\.m2\repository\org\slf4j\jul-to-slf4j\1.7.28\jul-to-slf4j-1.7.28.jar;C:\Users\lolivo\.m2\repository\jakarta\annotation\jakarta.annotation-api\1.3.5\jakarta.annotation-api-1.3.5.jar;C:\Users\lolivo\.m2\repository\org\springframework\spring-core\5.2.0.RELEASE\spring-core-5.2.0.RELEASE.jar;C:\Users\lolivo\.m2\repository\org\springframework\spring-jcl\5.2.0.RELEASE\spring-jcl-5.2.0.RELEASE.jar;C:\Users\lolivo\.m2\repository\org\yaml\snakeyaml\1.25\snakeyaml-1.25.jar;C:\Users\lolivo\.m2\repository\org\slf4j\slf4j-api\1.7.28\slf4j-api-1.7.28.jar;C:\Users\lolivo\.m2\repository\org\springframework\boot\spring-boot-starter-web\2.2.0.RELEASE\spring-boot-starter-web-2.2.0.RELEASE.jar;C:\Users\lolivo\.m2\repository\org\springframework\boot\spring-boot-starter-json\2.2.0.RELEASE\spring-boot-starter-json-2.2.0.RELEASE.jar;C:\Users\lolivo\.m2\repository\com\fasterxml\jackson\core\ja
Launcher Type: SUN_STANDARD

[Global flags]
     bool BytecodeVerificationLocal                = false                                     {product} {command line}
     bool BytecodeVerificationRemote               = false                                     {product} {command line}
     intx CICompilerCount                          = 4                                         {product} {ergonomic}
     uint ConcGCThreads                            = 2                                         {product} {ergonomic}
     uint G1ConcRefinementThreads                  = 8                                         {product} {ergonomic}
   size_t G1HeapRegionSize                         = 1048576                                   {product} {ergonomic}
    uintx GCDrainStackTargetSize                   = 64                                        {product} {ergonomic}
   size_t InitialHeapSize                          = 266338304                                 {product} {ergonomic}
     bool ManagementServer                         = true                                      {product} {command line}
   size_t MarkStackSize                            = 4194304                                   {product} {ergonomic}
   size_t MaxHeapSize                              = 4253024256                                {product} {ergonomic}
   size_t MaxNewSize                               = 2551185408                                {product} {ergonomic}
   size_t MinHeapDeltaBytes                        = 1048576                                   {product} {ergonomic}
    uintx NonNMethodCodeHeapSize                   = 7549744                                {pd product} {ergonomic}
    uintx NonProfiledCodeHeapSize                  = 244108496                              {pd product} {ergonomic}
    uintx ProfiledCodeHeapSize                     = 0                                      {pd product} {ergonomic}
    uintx ReservedCodeCacheSize                    = 251658240                              {pd product} {ergonomic}
     bool SegmentedCodeCache                       = true                                      {product} {ergonomic}
     intx TieredStopAtLevel                        = 1                                         {product} {command line}
     bool UseCompressedClassPointers               = true                                 {lp64_product} {ergonomic}
     bool UseCompressedOops                        = true                                 {lp64_product} {ergonomic}
     bool UseG1GC                                  = true                                      {product} {ergonomic}
     bool UseLargePagesIndividualAllocation        = false                                  {pd product} {ergonomic}

Logging:
Log output configuration:
 #0: stdout all=warning uptime,level,tags
 #1: stderr all=off uptime,level,tags

Environment Variables:
JAVA_HOME=C:\Java\JDK\64\1.8.0_201
PATH=C:\oracle\product\12.2.0\client_1;C:\oracle\product\12.2.0\client_1\bin;C:\WINDOWS\system32;C:\WINDOWS;C:\WINDOWS\System32\Wbem;C:\WINDOWS\System32\WindowsPowerShell\v1.0\;M:\bin;G:\bin;C:\Program Files (x86)\Git\bin;C:\Program Files\TortoiseSVN\bin;C:\Program Files\Git\cmd;C:\Program Files\Git\bin;C:\WINDOWS\system32;C:\WINDOWS;C:\WINDOWS\System32\Wbem;C:\WINDOWS\System32\WindowsPowerShell\v1.0\;C:\WINDOWS\System32\OpenSSH\;C:\Users\lolivo\AppData\Local\Microsoft\WindowsApps;C:\Users\lolivo\AppData\Local\atom\bin;C:\Users\lolivo\AppData\Local\Programs\Microsoft VS Code\bin;C:\xampp\mysql\bin;C:\javascript\ncanode\10.12.0;C:\Java\JDK\64\1.8.0_201\bin;;%USERPROFILE%\AppData\Local\Microsoft\WindowsApps
USERNAME=lolivo
OS=Windows_NT
PROCESSOR_IDENTIFIER=Intel64 Family 6 Model 158 Stepping 9, GenuineIntel



---------------  S Y S T E M  ---------------

OS: Windows 10 , 64 bit Build 17763 (10.0.17763.475)

CPU:total 8 (initial active 8) (4 cores per cpu, 2 threads per core) family 6 model 158 stepping 9, cmov, cx8, fxsr, mmx, sse, sse2, sse3, ssse3, sse4.1, sse4.2, popcnt, avx, avx2, aes, clmul, erms, 3dnowpref, lzcnt, ht, tsc, tscinvbit, bmi1, bmi2, adx, fma

Memory: 4k page, system-wide physical 16220M (7114M free)
TotalPageFile size 18652M (AvailPageFile size 7014M)
current process WorkingSet (physical memory assigned to process): 168M, peak: 168M
current process commit charge ("private bytes"): 397M, peak: 397M

vm_info: OpenJDK 64-Bit Server VM (11.0.1+13) for windows-amd64 JRE (11.0.1+13), built on Oct  6 2018 13:18:13 by "mach5one" with MS VC++ 15.5 (VS2017)

END.
